{"/Users/christopherlopez/projects/401/data-structures-and-algorithms/javascript/trees/new implementation/binaryTree.js": {"path":"/Users/christopherlopez/projects/401/data-structures-and-algorithms/javascript/trees/new implementation/binaryTree.js","statementMap":{"0":{"start":{"line":3,"column":13},"end":{"line":3,"column":30}},"1":{"start":{"line":7,"column":4},"end":{"line":7,"column":21}},"2":{"start":{"line":11,"column":23},"end":{"line":11,"column":25}},"3":{"start":{"line":14,"column":6},"end":{"line":14,"column":36}},"4":{"start":{"line":16,"column":6},"end":{"line":16,"column":41}},"5":{"start":{"line":16,"column":21},"end":{"line":16,"column":41}},"6":{"start":{"line":18,"column":6},"end":{"line":18,"column":43}},"7":{"start":{"line":18,"column":22},"end":{"line":18,"column":43}},"8":{"start":{"line":19,"column":6},"end":{"line":19,"column":13}},"9":{"start":{"line":22,"column":4},"end":{"line":22,"column":24}},"10":{"start":{"line":23,"column":4},"end":{"line":23,"column":24}},"11":{"start":{"line":27,"column":23},"end":{"line":27,"column":25}},"12":{"start":{"line":30,"column":6},"end":{"line":30,"column":41}},"13":{"start":{"line":30,"column":21},"end":{"line":30,"column":41}},"14":{"start":{"line":32,"column":6},"end":{"line":32,"column":43}},"15":{"start":{"line":32,"column":22},"end":{"line":32,"column":43}},"16":{"start":{"line":34,"column":6},"end":{"line":34,"column":36}},"17":{"start":{"line":36,"column":6},"end":{"line":36,"column":13}},"18":{"start":{"line":39,"column":4},"end":{"line":39,"column":24}},"19":{"start":{"line":40,"column":4},"end":{"line":40,"column":24}},"20":{"start":{"line":44,"column":23},"end":{"line":44,"column":25}},"21":{"start":{"line":47,"column":6},"end":{"line":47,"column":41}},"22":{"start":{"line":47,"column":21},"end":{"line":47,"column":41}},"23":{"start":{"line":49,"column":6},"end":{"line":49,"column":36}},"24":{"start":{"line":51,"column":6},"end":{"line":51,"column":43}},"25":{"start":{"line":51,"column":22},"end":{"line":51,"column":43}},"26":{"start":{"line":53,"column":6},"end":{"line":53,"column":13}},"27":{"start":{"line":56,"column":4},"end":{"line":56,"column":24}},"28":{"start":{"line":57,"column":4},"end":{"line":57,"column":24}},"29":{"start":{"line":63,"column":4},"end":{"line":63,"column":16}},"30":{"start":{"line":67,"column":18},"end":{"line":67,"column":34}},"31":{"start":{"line":68,"column":4},"end":{"line":72,"column":5}},"32":{"start":{"line":69,"column":6},"end":{"line":69,"column":26}},"33":{"start":{"line":71,"column":6},"end":{"line":71,"column":35}},"34":{"start":{"line":75,"column":6},"end":{"line":78,"column":7}},"35":{"start":{"line":76,"column":8},"end":{"line":77,"column":36}},"36":{"start":{"line":76,"column":26},"end":{"line":76,"column":58}},"37":{"start":{"line":77,"column":13},"end":{"line":77,"column":36}},"38":{"start":{"line":79,"column":6},"end":{"line":82,"column":7}},"39":{"start":{"line":80,"column":8},"end":{"line":81,"column":37}},"40":{"start":{"line":80,"column":27},"end":{"line":80,"column":60}},"41":{"start":{"line":81,"column":13},"end":{"line":81,"column":37}},"42":{"start":{"line":83,"column":6},"end":{"line":83,"column":13}},"43":{"start":{"line":88,"column":4},"end":{"line":88,"column":33}},"44":{"start":{"line":88,"column":20},"end":{"line":88,"column":33}},"45":{"start":{"line":89,"column":4},"end":{"line":89,"column":39}},"46":{"start":{"line":92,"column":6},"end":{"line":104,"column":7}},"47":{"start":{"line":92,"column":36},"end":{"line":92,"column":48}},"48":{"start":{"line":93,"column":11},"end":{"line":104,"column":7}},"49":{"start":{"line":94,"column":8},"end":{"line":98,"column":9}},"50":{"start":{"line":95,"column":10},"end":{"line":95,"column":49}},"51":{"start":{"line":97,"column":10},"end":{"line":97,"column":23}},"52":{"start":{"line":99,"column":13},"end":{"line":104,"column":7}},"53":{"start":{"line":100,"column":8},"end":{"line":102,"column":9}},"54":{"start":{"line":101,"column":10},"end":{"line":101,"column":48}},"55":{"start":{"line":103,"column":8},"end":{"line":103,"column":21}},"56":{"start":{"line":109,"column":0},"end":{"line":109,"column":43}}},"fnMap":{"0":{"name":"(anonymous_0)","decl":{"start":{"line":6,"column":2},"end":{"line":6,"column":3}},"loc":{"start":{"line":6,"column":25},"end":{"line":8,"column":3}},"line":6},"1":{"name":"(anonymous_1)","decl":{"start":{"line":10,"column":2},"end":{"line":10,"column":3}},"loc":{"start":{"line":10,"column":13},"end":{"line":24,"column":3}},"line":10},"2":{"name":"traverse","decl":{"start":{"line":13,"column":13},"end":{"line":13,"column":21}},"loc":{"start":{"line":13,"column":28},"end":{"line":20,"column":5}},"line":13},"3":{"name":"(anonymous_3)","decl":{"start":{"line":26,"column":2},"end":{"line":26,"column":3}},"loc":{"start":{"line":26,"column":14},"end":{"line":41,"column":3}},"line":26},"4":{"name":"traverse","decl":{"start":{"line":29,"column":13},"end":{"line":29,"column":21}},"loc":{"start":{"line":29,"column":28},"end":{"line":37,"column":5}},"line":29},"5":{"name":"(anonymous_5)","decl":{"start":{"line":43,"column":2},"end":{"line":43,"column":3}},"loc":{"start":{"line":43,"column":12},"end":{"line":58,"column":3}},"line":43},"6":{"name":"traverse","decl":{"start":{"line":46,"column":13},"end":{"line":46,"column":21}},"loc":{"start":{"line":46,"column":28},"end":{"line":54,"column":5}},"line":46},"7":{"name":"(anonymous_7)","decl":{"start":{"line":62,"column":2},"end":{"line":62,"column":3}},"loc":{"start":{"line":62,"column":20},"end":{"line":64,"column":3}},"line":62},"8":{"name":"(anonymous_8)","decl":{"start":{"line":66,"column":2},"end":{"line":66,"column":3}},"loc":{"start":{"line":66,"column":14},"end":{"line":85,"column":3}},"line":66},"9":{"name":"traverse","decl":{"start":{"line":74,"column":13},"end":{"line":74,"column":21}},"loc":{"start":{"line":74,"column":40},"end":{"line":84,"column":5}},"line":74},"10":{"name":"(anonymous_10)","decl":{"start":{"line":87,"column":2},"end":{"line":87,"column":3}},"loc":{"start":{"line":87,"column":20},"end":{"line":106,"column":3}},"line":87},"11":{"name":"traverse","decl":{"start":{"line":91,"column":13},"end":{"line":91,"column":21}},"loc":{"start":{"line":91,"column":39},"end":{"line":105,"column":5}},"line":91}},"branchMap":{"0":{"loc":{"start":{"line":6,"column":14},"end":{"line":6,"column":23}},"type":"default-arg","locations":[{"start":{"line":6,"column":19},"end":{"line":6,"column":23}}],"line":6},"1":{"loc":{"start":{"line":16,"column":6},"end":{"line":16,"column":41}},"type":"if","locations":[{"start":{"line":16,"column":6},"end":{"line":16,"column":41}},{"start":{},"end":{}}],"line":16},"2":{"loc":{"start":{"line":18,"column":6},"end":{"line":18,"column":43}},"type":"if","locations":[{"start":{"line":18,"column":6},"end":{"line":18,"column":43}},{"start":{},"end":{}}],"line":18},"3":{"loc":{"start":{"line":30,"column":6},"end":{"line":30,"column":41}},"type":"if","locations":[{"start":{"line":30,"column":6},"end":{"line":30,"column":41}},{"start":{},"end":{}}],"line":30},"4":{"loc":{"start":{"line":32,"column":6},"end":{"line":32,"column":43}},"type":"if","locations":[{"start":{"line":32,"column":6},"end":{"line":32,"column":43}},{"start":{},"end":{}}],"line":32},"5":{"loc":{"start":{"line":47,"column":6},"end":{"line":47,"column":41}},"type":"if","locations":[{"start":{"line":47,"column":6},"end":{"line":47,"column":41}},{"start":{},"end":{}}],"line":47},"6":{"loc":{"start":{"line":51,"column":6},"end":{"line":51,"column":43}},"type":"if","locations":[{"start":{"line":51,"column":6},"end":{"line":51,"column":43}},{"start":{},"end":{}}],"line":51},"7":{"loc":{"start":{"line":68,"column":4},"end":{"line":72,"column":5}},"type":"if","locations":[{"start":{"line":68,"column":4},"end":{"line":72,"column":5}},{"start":{"line":70,"column":11},"end":{"line":72,"column":5}}],"line":68},"8":{"loc":{"start":{"line":75,"column":6},"end":{"line":78,"column":7}},"type":"if","locations":[{"start":{"line":75,"column":6},"end":{"line":78,"column":7}},{"start":{},"end":{}}],"line":75},"9":{"loc":{"start":{"line":76,"column":8},"end":{"line":77,"column":36}},"type":"if","locations":[{"start":{"line":76,"column":8},"end":{"line":77,"column":36}},{"start":{"line":77,"column":13},"end":{"line":77,"column":36}}],"line":76},"10":{"loc":{"start":{"line":79,"column":6},"end":{"line":82,"column":7}},"type":"if","locations":[{"start":{"line":79,"column":6},"end":{"line":82,"column":7}},{"start":{},"end":{}}],"line":79},"11":{"loc":{"start":{"line":80,"column":8},"end":{"line":81,"column":37}},"type":"if","locations":[{"start":{"line":80,"column":8},"end":{"line":81,"column":37}},{"start":{"line":81,"column":13},"end":{"line":81,"column":37}}],"line":80},"12":{"loc":{"start":{"line":88,"column":4},"end":{"line":88,"column":33}},"type":"if","locations":[{"start":{"line":88,"column":4},"end":{"line":88,"column":33}},{"start":{},"end":{}}],"line":88},"13":{"loc":{"start":{"line":92,"column":6},"end":{"line":104,"column":7}},"type":"if","locations":[{"start":{"line":92,"column":6},"end":{"line":104,"column":7}},{"start":{"line":93,"column":11},"end":{"line":104,"column":7}}],"line":92},"14":{"loc":{"start":{"line":93,"column":11},"end":{"line":104,"column":7}},"type":"if","locations":[{"start":{"line":93,"column":11},"end":{"line":104,"column":7}},{"start":{"line":99,"column":13},"end":{"line":104,"column":7}}],"line":93},"15":{"loc":{"start":{"line":94,"column":8},"end":{"line":98,"column":9}},"type":"if","locations":[{"start":{"line":94,"column":8},"end":{"line":98,"column":9}},{"start":{"line":96,"column":15},"end":{"line":98,"column":9}}],"line":94},"16":{"loc":{"start":{"line":99,"column":13},"end":{"line":104,"column":7}},"type":"if","locations":[{"start":{"line":99,"column":13},"end":{"line":104,"column":7}},{"start":{},"end":{}}],"line":99},"17":{"loc":{"start":{"line":100,"column":8},"end":{"line":102,"column":9}},"type":"if","locations":[{"start":{"line":100,"column":8},"end":{"line":102,"column":9}},{"start":{},"end":{}}],"line":100}},"s":{"0":1,"1":3,"2":0,"3":0,"4":0,"5":0,"6":0,"7":0,"8":0,"9":0,"10":0,"11":0,"12":0,"13":0,"14":0,"15":0,"16":0,"17":0,"18":0,"19":0,"20":0,"21":0,"22":0,"23":0,"24":0,"25":0,"26":0,"27":0,"28":0,"29":1,"30":1,"31":1,"32":0,"33":1,"34":1,"35":1,"36":0,"37":1,"38":1,"39":1,"40":0,"41":1,"42":1,"43":0,"44":0,"45":0,"46":0,"47":0,"48":0,"49":0,"50":0,"51":0,"52":0,"53":0,"54":0,"55":0,"56":1},"f":{"0":3,"1":0,"2":0,"3":0,"4":0,"5":0,"6":0,"7":1,"8":1,"9":1,"10":0,"11":0},"b":{"0":[1],"1":[0,0],"2":[0,0],"3":[0,0],"4":[0,0],"5":[0,0],"6":[0,0],"7":[0,1],"8":[1,0],"9":[0,1],"10":[1,0],"11":[0,1],"12":[0,0],"13":[0,0],"14":[0,0],"15":[0,0],"16":[0,0],"17":[0,0]},"_coverageSchema":"1a1c01bbd47fc00a2c39e90264f33305004495a9","hash":"81d79c6b230104fcb334662b1521dc5433028d86"}
,"/Users/christopherlopez/projects/401/data-structures-and-algorithms/javascript/trees/new implementation/node.js": {"path":"/Users/christopherlopez/projects/401/data-structures-and-algorithms/javascript/trees/new implementation/node.js","statementMap":{"0":{"start":{"line":5,"column":8},"end":{"line":5,"column":27}},"1":{"start":{"line":6,"column":8},"end":{"line":6,"column":25}},"2":{"start":{"line":7,"column":8},"end":{"line":7,"column":27}},"3":{"start":{"line":11,"column":0},"end":{"line":11,"column":22}}},"fnMap":{"0":{"name":"(anonymous_0)","decl":{"start":{"line":4,"column":4},"end":{"line":4,"column":5}},"loc":{"start":{"line":4,"column":48},"end":{"line":8,"column":5}},"line":4}},"branchMap":{"0":{"loc":{"start":{"line":4,"column":23},"end":{"line":4,"column":34}},"type":"default-arg","locations":[{"start":{"line":4,"column":30},"end":{"line":4,"column":34}}],"line":4},"1":{"loc":{"start":{"line":4,"column":36},"end":{"line":4,"column":47}},"type":"default-arg","locations":[{"start":{"line":4,"column":43},"end":{"line":4,"column":47}}],"line":4}},"s":{"0":3,"1":3,"2":3,"3":1},"f":{"0":3},"b":{"0":[3],"1":[3]},"_coverageSchema":"1a1c01bbd47fc00a2c39e90264f33305004495a9","hash":"91258400da93a1eb24b16182be811d302ce9803c"}
}
