{"/Users/christopherlopez/projects/401/data-structures-and-algorithms/javascript/stack-and-queue/New Implementation/queue-imp.js": {"path":"/Users/christopherlopez/projects/401/data-structures-and-algorithms/javascript/stack-and-queue/New Implementation/queue-imp.js","statementMap":{"0":{"start":{"line":3,"column":8},"end":{"line":3,"column":27}},"1":{"start":{"line":4,"column":8},"end":{"line":4,"column":25}},"2":{"start":{"line":10,"column":8},"end":{"line":10,"column":26}},"3":{"start":{"line":11,"column":8},"end":{"line":11,"column":25}},"4":{"start":{"line":12,"column":8},"end":{"line":12,"column":25}},"5":{"start":{"line":16,"column":22},"end":{"line":16,"column":37}},"6":{"start":{"line":17,"column":8},"end":{"line":25,"column":9}},"7":{"start":{"line":18,"column":12},"end":{"line":18,"column":32}},"8":{"start":{"line":19,"column":12},"end":{"line":19,"column":33}},"9":{"start":{"line":20,"column":12},"end":{"line":20,"column":32}},"10":{"start":{"line":23,"column":12},"end":{"line":23,"column":37}},"11":{"start":{"line":24,"column":12},"end":{"line":24,"column":32}},"12":{"start":{"line":29,"column":8},"end":{"line":32,"column":9}},"13":{"start":{"line":31,"column":12},"end":{"line":31,"column":43}},"14":{"start":{"line":33,"column":22},"end":{"line":33,"column":32}},"15":{"start":{"line":34,"column":8},"end":{"line":34,"column":34}},"16":{"start":{"line":35,"column":8},"end":{"line":35,"column":31}},"17":{"start":{"line":36,"column":8},"end":{"line":38,"column":9}},"18":{"start":{"line":37,"column":12},"end":{"line":37,"column":29}},"19":{"start":{"line":39,"column":8},"end":{"line":39,"column":29}},"20":{"start":{"line":44,"column":8},"end":{"line":49,"column":9}},"21":{"start":{"line":45,"column":12},"end":{"line":45,"column":52}},"22":{"start":{"line":47,"column":12},"end":{"line":47,"column":36}},"23":{"start":{"line":54,"column":0},"end":{"line":54,"column":23}}},"fnMap":{"0":{"name":"(anonymous_0)","decl":{"start":{"line":2,"column":4},"end":{"line":2,"column":5}},"loc":{"start":{"line":2,"column":22},"end":{"line":5,"column":5}},"line":2},"1":{"name":"(anonymous_1)","decl":{"start":{"line":9,"column":4},"end":{"line":9,"column":5}},"loc":{"start":{"line":9,"column":17},"end":{"line":13,"column":5}},"line":9},"2":{"name":"(anonymous_2)","decl":{"start":{"line":15,"column":4},"end":{"line":15,"column":5}},"loc":{"start":{"line":15,"column":18},"end":{"line":26,"column":5}},"line":15},"3":{"name":"(anonymous_3)","decl":{"start":{"line":28,"column":4},"end":{"line":28,"column":5}},"loc":{"start":{"line":28,"column":13},"end":{"line":40,"column":5}},"line":28},"4":{"name":"(anonymous_4)","decl":{"start":{"line":43,"column":4},"end":{"line":43,"column":5}},"loc":{"start":{"line":43,"column":10},"end":{"line":50,"column":5}},"line":43}},"branchMap":{"0":{"loc":{"start":{"line":17,"column":8},"end":{"line":25,"column":9}},"type":"if","locations":[{"start":{"line":17,"column":8},"end":{"line":25,"column":9}},{"start":{"line":22,"column":13},"end":{"line":25,"column":9}}],"line":17},"1":{"loc":{"start":{"line":29,"column":8},"end":{"line":32,"column":9}},"type":"if","locations":[{"start":{"line":29,"column":8},"end":{"line":32,"column":9}},{"start":{},"end":{}}],"line":29},"2":{"loc":{"start":{"line":36,"column":8},"end":{"line":38,"column":9}},"type":"if","locations":[{"start":{"line":36,"column":8},"end":{"line":38,"column":9}},{"start":{},"end":{}}],"line":36},"3":{"loc":{"start":{"line":44,"column":8},"end":{"line":49,"column":9}},"type":"if","locations":[{"start":{"line":44,"column":8},"end":{"line":49,"column":9}},{"start":{"line":46,"column":15},"end":{"line":49,"column":9}}],"line":44}},"s":{"0":3,"1":3,"2":2,"3":2,"4":2,"5":3,"6":3,"7":2,"8":2,"9":2,"10":1,"11":1,"12":1,"13":0,"14":1,"15":1,"16":1,"17":1,"18":0,"19":1,"20":0,"21":0,"22":0,"23":1},"f":{"0":3,"1":2,"2":3,"3":1,"4":0},"b":{"0":[2,1],"1":[0,1],"2":[0,1],"3":[0,0]},"_coverageSchema":"1a1c01bbd47fc00a2c39e90264f33305004495a9","hash":"ccd5c2e03140c370eae45c0578b4f1ad2cbef59e"}
,"/Users/christopherlopez/projects/401/data-structures-and-algorithms/javascript/stack-and-queue/New Implementation/stack-imp.js": {"path":"/Users/christopherlopez/projects/401/data-structures-and-algorithms/javascript/stack-and-queue/New Implementation/stack-imp.js","statementMap":{"0":{"start":{"line":5,"column":4},"end":{"line":5,"column":23}},"1":{"start":{"line":6,"column":4},"end":{"line":6,"column":21}},"2":{"start":{"line":13,"column":6},"end":{"line":13,"column":21}},"3":{"start":{"line":18,"column":20},"end":{"line":18,"column":35}},"4":{"start":{"line":19,"column":6},"end":{"line":19,"column":30}},"5":{"start":{"line":20,"column":6},"end":{"line":20,"column":25}},"6":{"start":{"line":24,"column":20},"end":{"line":24,"column":28}},"7":{"start":{"line":25,"column":6},"end":{"line":25,"column":30}},"8":{"start":{"line":26,"column":6},"end":{"line":26,"column":21}},"9":{"start":{"line":30,"column":6},"end":{"line":30,"column":24}},"10":{"start":{"line":31,"column":6},"end":{"line":34,"column":7}},"11":{"start":{"line":32,"column":8},"end":{"line":32,"column":34}},"12":{"start":{"line":33,"column":8},"end":{"line":33,"column":30}},"13":{"start":{"line":39,"column":6},"end":{"line":39,"column":31}},"14":{"start":{"line":44,"column":2},"end":{"line":44,"column":25}}},"fnMap":{"0":{"name":"(anonymous_0)","decl":{"start":{"line":4,"column":2},"end":{"line":4,"column":3}},"loc":{"start":{"line":4,"column":20},"end":{"line":7,"column":3}},"line":4},"1":{"name":"(anonymous_1)","decl":{"start":{"line":12,"column":4},"end":{"line":12,"column":5}},"loc":{"start":{"line":12,"column":17},"end":{"line":14,"column":5}},"line":12},"2":{"name":"(anonymous_2)","decl":{"start":{"line":16,"column":4},"end":{"line":16,"column":5}},"loc":{"start":{"line":16,"column":15},"end":{"line":21,"column":5}},"line":16},"3":{"name":"(anonymous_3)","decl":{"start":{"line":23,"column":4},"end":{"line":23,"column":5}},"loc":{"start":{"line":23,"column":9},"end":{"line":27,"column":5}},"line":23},"4":{"name":"(anonymous_4)","decl":{"start":{"line":29,"column":4},"end":{"line":29,"column":5}},"loc":{"start":{"line":29,"column":10},"end":{"line":36,"column":5}},"line":29},"5":{"name":"(anonymous_5)","decl":{"start":{"line":38,"column":4},"end":{"line":38,"column":5}},"loc":{"start":{"line":38,"column":14},"end":{"line":40,"column":5}},"line":38}},"branchMap":{},"s":{"0":3,"1":3,"2":1,"3":3,"4":3,"5":3,"6":1,"7":1,"8":1,"9":0,"10":0,"11":0,"12":0,"13":0,"14":1},"f":{"0":3,"1":1,"2":3,"3":1,"4":0,"5":0},"b":{},"_coverageSchema":"1a1c01bbd47fc00a2c39e90264f33305004495a9","hash":"ee64baa9a532fb32c02dcf8475dd571b4e71b247"}
}
