TN:
SF:linked.list/linked-list-implementation/linked-lists.js
FN:7,(anonymous_0)
FN:11,(anonymous_1)
FN:24,(anonymous_2)
FN:36,(anonymous_3)
FNF:4
FNH:4
FNDA:3,(anonymous_0)
FNDA:4,(anonymous_1)
FNDA:1,(anonymous_2)
FNDA:1,(anonymous_3)
DA:3,1
DA:8,3
DA:12,4
DA:14,4
DA:15,2
DA:17,2
DA:18,2
DA:19,2
DA:25,1
DA:26,1
DA:27,0
DA:28,0
DA:30,1
DA:37,1
DA:38,1
DA:39,1
DA:40,3
DA:41,3
DA:43,1
DA:44,1
DA:48,1
DA:49,1
DA:50,1
DA:51,1
DA:52,1
DA:53,1
DA:55,1
LF:27
LH:25
BRDA:14,0,0,2
BRDA:14,0,1,2
BRDA:27,1,0,0
BRDA:27,1,1,0
BRF:4
BRH:2
end_of_record
TN:
SF:linked.list/linked-list-implementation/node.js
FN:4,(anonymous_0)
FNF:1
FNH:1
FNDA:7,(anonymous_0)
DA:5,7
DA:10,1
LF:2
LH:2
BRDA:4,0,0,7
BRF:1
BRH:1
end_of_record
