TN:
SF:trees/new implementation/binaryTree.js
FN:6,(anonymous_0)
FN:10,(anonymous_1)
FN:13,traverse
FN:26,(anonymous_3)
FN:29,traverse
FN:43,(anonymous_5)
FN:46,traverse
FN:62,(anonymous_7)
FN:66,(anonymous_8)
FN:74,traverse
FN:87,(anonymous_10)
FN:91,traverse
FNF:12
FNH:4
FNDA:3,(anonymous_0)
FNDA:0,(anonymous_1)
FNDA:0,traverse
FNDA:0,(anonymous_3)
FNDA:0,traverse
FNDA:0,(anonymous_5)
FNDA:0,traverse
FNDA:1,(anonymous_7)
FNDA:1,(anonymous_8)
FNDA:1,traverse
FNDA:0,(anonymous_10)
FNDA:0,traverse
DA:3,1
DA:7,3
DA:11,0
DA:14,0
DA:16,0
DA:18,0
DA:19,0
DA:22,0
DA:23,0
DA:27,0
DA:30,0
DA:32,0
DA:34,0
DA:36,0
DA:39,0
DA:40,0
DA:44,0
DA:47,0
DA:49,0
DA:51,0
DA:53,0
DA:56,0
DA:57,0
DA:63,1
DA:67,1
DA:68,1
DA:69,0
DA:71,1
DA:75,1
DA:76,1
DA:77,1
DA:79,1
DA:80,1
DA:81,1
DA:83,1
DA:88,0
DA:89,0
DA:92,0
DA:93,0
DA:94,0
DA:95,0
DA:97,0
DA:99,0
DA:100,0
DA:101,0
DA:103,0
DA:109,1
LF:47
LH:14
BRDA:6,0,0,1
BRDA:16,1,0,0
BRDA:16,1,1,0
BRDA:18,2,0,0
BRDA:18,2,1,0
BRDA:30,3,0,0
BRDA:30,3,1,0
BRDA:32,4,0,0
BRDA:32,4,1,0
BRDA:47,5,0,0
BRDA:47,5,1,0
BRDA:51,6,0,0
BRDA:51,6,1,0
BRDA:68,7,0,0
BRDA:68,7,1,1
BRDA:75,8,0,1
BRDA:75,8,1,0
BRDA:76,9,0,0
BRDA:76,9,1,1
BRDA:79,10,0,1
BRDA:79,10,1,0
BRDA:80,11,0,0
BRDA:80,11,1,1
BRDA:88,12,0,0
BRDA:88,12,1,0
BRDA:92,13,0,0
BRDA:92,13,1,0
BRDA:93,14,0,0
BRDA:93,14,1,0
BRDA:94,15,0,0
BRDA:94,15,1,0
BRDA:99,16,0,0
BRDA:99,16,1,0
BRDA:100,17,0,0
BRDA:100,17,1,0
BRF:35
BRH:6
end_of_record
TN:
SF:trees/new implementation/node.js
FN:4,(anonymous_0)
FNF:1
FNH:1
FNDA:3,(anonymous_0)
DA:5,3
DA:6,3
DA:7,3
DA:11,1
LF:4
LH:4
BRDA:4,0,0,3
BRDA:4,1,0,3
BRF:2
BRH:2
end_of_record
