<?xml version="1.0" encoding="UTF-8"?>
<coverage generated="1671513353522" clover="3.2.0">
  <project timestamp="1671513353522" name="All files">
    <metrics statements="29" coveredstatements="24" conditionals="5" coveredconditionals="3" methods="5" coveredmethods="4" elements="39" coveredelements="31" complexity="0" loc="29" ncloc="29" packages="1" files="2" classes="2"/>
    <file name="linked-lists.js" path="/Users/christopherlopez/projects/401/data-structures-and-algorithms/javascript/linked.list/linked-lists.js">
      <metrics statements="27" coveredstatements="22" conditionals="4" coveredconditionals="2" methods="4" coveredmethods="3"/>
      <line num="3" count="1" type="stmt"/>
      <line num="8" count="2" type="stmt"/>
      <line num="12" count="4" type="stmt"/>
      <line num="14" count="4" type="cond" truecount="2" falsecount="0"/>
      <line num="15" count="2" type="stmt"/>
      <line num="17" count="2" type="stmt"/>
      <line num="18" count="2" type="stmt"/>
      <line num="19" count="2" type="stmt"/>
      <line num="25" count="0" type="stmt"/>
      <line num="26" count="0" type="stmt"/>
      <line num="27" count="0" type="cond" truecount="0" falsecount="2"/>
      <line num="28" count="0" type="stmt"/>
      <line num="30" count="0" type="stmt"/>
      <line num="37" count="1" type="stmt"/>
      <line num="38" count="1" type="stmt"/>
      <line num="39" count="1" type="stmt"/>
      <line num="40" count="3" type="stmt"/>
      <line num="41" count="3" type="stmt"/>
      <line num="43" count="1" type="stmt"/>
      <line num="44" count="1" type="stmt"/>
      <line num="48" count="1" type="stmt"/>
      <line num="49" count="1" type="stmt"/>
      <line num="50" count="1" type="stmt"/>
      <line num="51" count="1" type="stmt"/>
      <line num="52" count="1" type="stmt"/>
      <line num="53" count="1" type="stmt"/>
      <line num="55" count="1" type="stmt"/>
    </file>
    <file name="node.js" path="/Users/christopherlopez/projects/401/data-structures-and-algorithms/javascript/linked.list/node.js">
      <metrics statements="2" coveredstatements="2" conditionals="1" coveredconditionals="1" methods="1" coveredmethods="1"/>
      <line num="5" count="6" type="stmt"/>
      <line num="10" count="1" type="stmt"/>
    </file>
  </project>
</coverage>
